<?xml version="1.0" encoding="UTF-8"?>
<!-- Generated by org.testng.reporters.JUnitReportReporter -->
<testsuite skipped="0" hostname="DESKTOP-P8JIU9Q" name="tests.SignUpTests" tests="3" failures="0" timestamp="2021-08-24T04:15:16 EDT" time="60.522" errors="0">
  <testcase name="signUpWithWrongEmailInput" time="12.945" classname="tests.SignUpTests"/>
  <system-out/>
  <testcase name="signUpWithFaker" time="25.480" classname="tests.SignUpTests"/>
  <system-out/>
  <testcase name="signUpWithoutData" time="22.097" classname="tests.SignUpTests"/>
  <system-out/>
</testsuite> <!-- tests.SignUpTests -->
