<?xml version="1.0" encoding="UTF-8"?>
<!-- Generated by org.testng.reporters.JUnitReportReporter -->
<testsuite skipped="0" hostname="DESKTOP-P8JIU9Q" name="tests.PreApprovalDetailsTests" tests="2" failures="0" timestamp="2021-08-24T04:15:16 EDT" time="52.331" errors="0">
  <testcase name="negativeTestPreApprovalDetailsWithoutData" time="22.506" classname="tests.PreApprovalDetailsTests"/>
  <system-out/>
  <testcase name="positiveTestPreApprovalDetails" time="29.825" classname="tests.PreApprovalDetailsTests"/>
  <system-out/>
</testsuite> <!-- tests.PreApprovalDetailsTests -->
