<?xml version="1.0" encoding="UTF-8"?>
<!-- Generated by org.testng.reporters.JUnitReportReporter -->
<testsuite skipped="0" hostname="DESKTOP-P8JIU9Q" name="tests.LoginTests" tests="5" failures="0" timestamp="2021-08-24T04:15:16 EDT" time="48.816" errors="0">
  <testcase name="appHealthCheck" time="6.302" classname="tests.LoginTests"/>
  <system-out/>
  <testcase name="loginWithInvalidUsername" time="12.166" classname="tests.LoginTests"/>
  <system-out/>
  <testcase name="loginWithValidCredentials" time="5.838" classname="tests.LoginTests"/>
  <system-out/>
  <testcase name="loginWithNoCredentials" time="10.506" classname="tests.LoginTests"/>
  <system-out/>
  <testcase name="loginWithInvalidPassword" time="14.004" classname="tests.LoginTests"/>
  <system-out/>
</testsuite> <!-- tests.LoginTests -->
